  WindowMain.cpp
D:\Programs\Visual Studio\IDE\VC\Tools\MSVC\14.37.32822\include\format(43): warning STL4038: The contents of <format> are available only with C++20 or later.
D:\Programs\Visual Studio\projects\KeyLogger\KeyLogger\WindowMain.cpp(26,62): warning C4267: 'argument': conversion from 'size_t' to 'DWORD', possible loss of data
D:\Programs\Visual Studio\projects\KeyLogger\KeyLogger\WindowMain.cpp(56,14): warning C4244: 'initializing': conversion from 'LPARAM' to 'int', possible loss of data
D:\Programs\Visual Studio\IDE\VC\Tools\MSVC\14.37.32822\include\xstring(2728,53): warning C4244: 'argument': conversion from 'wchar_t' to 'const _Elem', possible loss of data
          with
          [
              _Elem=char
          ]
D:\Programs\Visual Studio\IDE\VC\Tools\MSVC\14.37.32822\include\xstring(2584,17): message : see reference to function template instantiation 'void std::basic_string<char,std::char_traits<char>,std::allocator<char>>::_Construct_from_iter<wchar_t*,wchar_t*,_Size_type>(_Iter,const _Sent,_Size)' being compiled
          with
          [
              _Size_type=unsigned __int64,
              _Iter=wchar_t *,
              _Sent=wchar_t *,
              _Size=unsigned __int64
          ]
D:\Programs\Visual Studio\projects\KeyLogger\KeyLogger\WindowMain.cpp(38,38): message : see reference to function template instantiation 'std::basic_string<char,std::char_traits<char>,std::allocator<char>>::basic_string<std::_String_iterator<std::_String_val<std::_Simple_types<_Elem>>>,0>(_Iter,_Iter,const _Alloc &)' being compiled
          with
          [
              _Elem=wchar_t,
              _Iter=std::_String_iterator<std::_String_val<std::_Simple_types<wchar_t>>>,
              _Alloc=std::allocator<char>
          ]
D:\Programs\Visual Studio\projects\KeyLogger\KeyLogger\WindowMain.cpp(38,25): message : see the first reference to 'std::basic_string<char,std::char_traits<char>,std::allocator<char>>::basic_string' in 'GetSymbol'
  KeyLogger.vcxproj -> D:\Programs\Visual Studio\projects\KeyLogger\x64\Debug\KeyLogger.exe
