d:\bugor\5 sem\sp\semesterwork\projectclone\keylogger-master\keylogger\x64\debug\vc143.pdb
d:\bugor\5 sem\sp\semesterwork\projectclone\keylogger-master\keylogger\x64\debug\vc143.idb
d:\bugor\5 sem\sp\semesterwork\projectclone\keylogger-master\keylogger\x64\debug\dllinjector.nativecodeanalysis.sarif
d:\bugor\5 sem\sp\semesterwork\projectclone\keylogger-master\keylogger\x64\debug\dllinjector.nativecodeanalysis.xml
d:\bugor\5 sem\sp\semesterwork\projectclone\keylogger-master\keylogger\x64\debug\handleuserinput.nativecodeanalysis.sarif
d:\bugor\5 sem\sp\semesterwork\projectclone\keylogger-master\keylogger\x64\debug\handleuserinput.nativecodeanalysis.xml
d:\bugor\5 sem\sp\semesterwork\projectclone\keylogger-master\keylogger\x64\debug\hotkeys.nativecodeanalysis.sarif
d:\bugor\5 sem\sp\semesterwork\projectclone\keylogger-master\keylogger\x64\debug\hotkeys.nativecodeanalysis.xml
d:\bugor\5 sem\sp\semesterwork\projectclone\keylogger-master\keylogger\x64\debug\networksender.nativecodeanalysis.sarif
d:\bugor\5 sem\sp\semesterwork\projectclone\keylogger-master\keylogger\x64\debug\networksender.nativecodeanalysis.xml
d:\bugor\5 sem\sp\semesterwork\projectclone\keylogger-master\keylogger\x64\debug\windowmain.nativecodeanalysis.sarif
d:\bugor\5 sem\sp\semesterwork\projectclone\keylogger-master\keylogger\x64\debug\windowmain.nativecodeanalysis.xml
d:\bugor\5 sem\sp\semesterwork\projectclone\keylogger-master\keylogger\x64\debug\windowmain.obj
d:\bugor\5 sem\sp\semesterwork\projectclone\keylogger-master\keylogger\x64\debug\networksender.obj
d:\bugor\5 sem\sp\semesterwork\projectclone\keylogger-master\keylogger\x64\debug\hotkeys.obj
d:\bugor\5 sem\sp\semesterwork\projectclone\keylogger-master\keylogger\x64\debug\handleuserinput.obj
d:\bugor\5 sem\sp\semesterwork\projectclone\keylogger-master\keylogger\x64\debug\dllinjector.obj
d:\bugor\5 sem\sp\semesterwork\projectclone\keylogger-master\keylogger\x64\debug\keylogger.ilk
d:\bugor\5 sem\sp\semesterwork\projectclone\keylogger-master\x64\debug\keylogger.exe
d:\bugor\5 sem\sp\semesterwork\projectclone\keylogger-master\x64\debug\keylogger.pdb
d:\bugor\5 sem\sp\semesterwork\projectclone\keylogger-master\keylogger\x64\debug\vc.nativecodeanalysis.all.xml
d:\bugor\5 sem\sp\semesterwork\projectclone\keylogger-master\keylogger\x64\debug\keylogger.tlog\cl.command.1.tlog
d:\bugor\5 sem\sp\semesterwork\projectclone\keylogger-master\keylogger\x64\debug\keylogger.tlog\cl.items.tlog
d:\bugor\5 sem\sp\semesterwork\projectclone\keylogger-master\keylogger\x64\debug\keylogger.tlog\cl.read.1.tlog
d:\bugor\5 sem\sp\semesterwork\projectclone\keylogger-master\keylogger\x64\debug\keylogger.tlog\cl.write.1.tlog
d:\bugor\5 sem\sp\semesterwork\projectclone\keylogger-master\keylogger\x64\debug\keylogger.tlog\link.command.1.tlog
d:\bugor\5 sem\sp\semesterwork\projectclone\keylogger-master\keylogger\x64\debug\keylogger.tlog\link.read.1.tlog
d:\bugor\5 sem\sp\semesterwork\projectclone\keylogger-master\keylogger\x64\debug\keylogger.tlog\link.write.1.tlog
